<?xml version="1.0" encoding="UTF-8"?>
<!-- Generated by org.testng.reporters.JUnitReportReporter -->
<testsuite skipped="0" hostname="Tejaswis-MBP" name="demo.FacebookPage" tests="1" failures="0" timestamp="2021-03-11T19:12:31 IST" time="4.950" errors="0">
  <testcase name="verifyFaceBookHomePage" time="4.950" classname="demo.FacebookPage"/>
  <system-out/>
</testsuite> <!-- demo.FacebookPage -->
